<?xml version="1.0" encoding="UTF-8"?>
<!-- Generated by org.testng.reporters.JUnitReportReporter -->
<testsuite hostname="DESKTOP-BGL411A" failures="0" tests="2" name="com.purna_data.testcases.purna_logintest" time="8.203" errors="0" timestamp="2024-07-25T23:07:45 IST" skipped="0">
  <testcase classname="com.purna_data.testcases.purna_logintest" name="loginsuccess" time="5.485"/>
  <system-out/>
  <testcase classname="com.purna_data.testcases.purna_logintest" name="loginfail" time="2.718"/>
  <system-out/>
</testsuite> <!-- com.purna_data.testcases.purna_logintest -->
